2022-09-09 22:48:22.423  INFO 8432 --- [restartedMain] c.b.e.EmployeePayrollAppApplication      : Starting EmployeePayrollAppApplication using Java 18.0.1.1 on LAPTOP-QE6L81O4 with PID 8432 (C:\Users\bhave\IdeaProjects\EmployeePayrollApp\target\classes started by Bhavesh in C:\Users\bhave\IdeaProjects\EmployeePayrollApp)
2022-09-09 22:48:22.429 DEBUG 8432 --- [restartedMain] c.b.e.EmployeePayrollAppApplication      : Running with Spring Boot v2.7.3, Spring v5.3.22
2022-09-09 22:48:22.430  INFO 8432 --- [restartedMain] c.b.e.EmployeePayrollAppApplication      : The following 1 profile is active: "dev"
2022-09-09 22:48:22.488  INFO 8432 --- [restartedMain] .e.DevToolsPropertyDefaultsPostProcessor : Devtools property defaults active! Set 'spring.devtools.add-properties' to 'false' to disable
2022-09-09 22:48:22.488  INFO 8432 --- [restartedMain] .e.DevToolsPropertyDefaultsPostProcessor : For additional web related logging consider setting the 'logging.level.web' property to 'DEBUG'
2022-09-09 22:48:23.185  INFO 8432 --- [restartedMain] .s.d.r.c.RepositoryConfigurationDelegate : Bootstrapping Spring Data JPA repositories in DEFAULT mode.
2022-09-09 22:48:23.202  INFO 8432 --- [restartedMain] .s.d.r.c.RepositoryConfigurationDelegate : Finished Spring Data repository scanning in 8 ms. Found 0 JPA repository interfaces.
2022-09-09 22:48:23.855  INFO 8432 --- [restartedMain] o.s.b.w.embedded.tomcat.TomcatWebServer  : Tomcat initialized with port(s): 8080 (http)
2022-09-09 22:48:23.865  INFO 8432 --- [restartedMain] o.apache.catalina.core.StandardService   : Starting service [Tomcat]
2022-09-09 22:48:23.866  INFO 8432 --- [restartedMain] org.apache.catalina.core.StandardEngine  : Starting Servlet engine: [Apache Tomcat/9.0.65]
2022-09-09 22:48:24.530  INFO 8432 --- [restartedMain] o.a.c.c.C.[Tomcat].[localhost].[/]       : Initializing Spring embedded WebApplicationContext
2022-09-09 22:48:24.530  INFO 8432 --- [restartedMain] w.s.c.ServletWebServerApplicationContext : Root WebApplicationContext: initialization completed in 2041 ms
2022-09-09 22:48:24.983  INFO 8432 --- [restartedMain] com.zaxxer.hikari.HikariDataSource       : HikariPool-1 - Starting...
2022-09-09 22:48:25.295  INFO 8432 --- [restartedMain] com.zaxxer.hikari.HikariDataSource       : HikariPool-1 - Start completed.
2022-09-09 22:48:25.577  INFO 8432 --- [restartedMain] j.LocalContainerEntityManagerFactoryBean : Initialized JPA EntityManagerFactory for persistence unit 'default'
2022-09-09 22:48:25.620  WARN 8432 --- [restartedMain] JpaBaseConfiguration$JpaWebConfiguration : spring.jpa.open-in-view is enabled by default. Therefore, database queries may be performed during view rendering. Explicitly configure spring.jpa.open-in-view to disable this warning
2022-09-09 22:48:25.810  WARN 8432 --- [restartedMain] ion$DefaultTemplateResolverConfiguration : Cannot find template location: classpath:/templates/ (please add some templates or check your Thymeleaf configuration)
2022-09-09 22:48:25.876  INFO 8432 --- [restartedMain] o.s.b.d.a.OptionalLiveReloadServer       : LiveReload server is running on port 35729
2022-09-09 22:48:25.903  INFO 8432 --- [restartedMain] o.s.b.w.embedded.tomcat.TomcatWebServer  : Tomcat started on port(s): 8080 (http) with context path ''
2022-09-09 22:48:25.911  INFO 8432 --- [restartedMain] c.b.e.EmployeePayrollAppApplication      : Started EmployeePayrollAppApplication in 3.924 seconds (JVM running for 5.867)
2022-09-09 22:48:25.913  INFO 8432 --- [restartedMain] c.b.e.EmployeePayrollAppApplication      : Employee Payroll App Started in DEV Environment
2022-09-09 22:48:25.914  INFO 8432 --- [restartedMain] c.b.e.EmployeePayrollAppApplication      : Employee Payroll DB User is root 
2022-09-09 22:50:35.292  INFO 8432 --- [http-nio-8080-exec-1] o.a.c.c.C.[Tomcat].[localhost].[/]       : Initializing Spring DispatcherServlet 'dispatcherServlet'
2022-09-09 22:53:22.147  INFO 8432 --- [SpringApplicationShutdownHook] j.LocalContainerEntityManagerFactoryBean : Closing JPA EntityManagerFactory for persistence unit 'default'
2022-09-09 22:53:22.153  INFO 8432 --- [SpringApplicationShutdownHook] com.zaxxer.hikari.HikariDataSource       : HikariPool-1 - Shutdown initiated...
2022-09-09 22:53:22.162  INFO 8432 --- [SpringApplicationShutdownHook] com.zaxxer.hikari.HikariDataSource       : HikariPool-1 - Shutdown completed.
